"../../../Engine/Content/ArtTools/RenderToTexture/Enums/RenderToTexture_Enum.uasset" 0
"../../../Engine/Content/ArtTools/RenderToTexture/Enums/RenderToTexture_Flipbook_Enum.uasset" 1
"../../../Engine/Content/ArtTools/RenderToTexture/Enums/RenderToTexture_Imposter_Enum.uasset" 2
"../../../Engine/Content/EditorBlueprintResources/StandardMacros.uasset" 3
"../../../Engine/Content/ArtTools/RenderToTexture/Enums/EIntTypes.uasset" 4
"../../../Engine/Content/ArtTools/RenderToTexture/Macros/RenderToTextureFunctionLibrary.uasset" 5
"../../../Engine/Content/ArtTools/RenderToTexture/Enums/EFloatTypes.uasset" 6
"../../../Engine/Content/ArtTools/RenderToTexture/Macros/RenderToTextureMacros.uasset" 7
"../../../Engine/Content/Functions/Engine_MaterialFunctions01/Opacity/CameraDepthFade.uasset" 8
"../../../Engine/Content/EngineMaterials/T_Default_Material_Grid_M.uasset" 9
"../../../Engine/Content/EngineMaterials/T_Default_Material_Grid_N.uasset" 10
"../../../Engine/Content/EngineMaterials/WorldGridMaterial.uasset" 11
"../../../Engine/Content/ArtTools/RenderToTexture/Meshes/S_1_Unit_Plane.uasset" 12
"../../../Engine/Content/EngineMaterials/DefaultMaterial.uasset" 13
"../../../Engine/Content/BasicShapes/Cone.uasset" 14
"../../../Engine/Content/BasicShapes/Cube.uasset" 15
"../../../Engine/Content/BasicShapes/Cylinder.uasset" 16
"../../../Engine/Content/BasicShapes/Plane.uasset" 17
"../../../Engine/Content/BasicShapes/Sphere.uasset" 18
"../../../Engine/Content/EngineMaterials/DefaultPhysicalMaterial.uasset" 19
"../../../Engine/Content/BufferVisualization/AmbientOcclusion.uasset" 20
"../../../Engine/Content/BufferVisualization/BaseColor.uasset" 21
"../../../Engine/Content/BufferVisualization/CustomDepth.uasset" 22
"../../../Engine/Content/Functions/Engine_MaterialFunctions02/Utility/VectorLength.uasset" 23
"../../../Engine/Content/BufferVisualization/CustomDepthWorldUnits.uasset" 24
"../../../Engine/Content/Functions/Engine_MaterialFunctions02/Utility/BreakOutFloat2Components.uasset" 25
"../../../Engine/Content/Functions/Engine_MaterialFunctions01/Texturing/ScaleUVsByCenter.uasset" 26
"../../../Engine/Content/Functions/Engine_MaterialFunctions02/ScreenResolution.uasset" 27
"../../../Engine/Content/Functions/Engine_MaterialFunctions02/Texturing/ScreenAlignedUVs.uasset" 28
"../../../Engine/Content/Functions/Engine_MaterialFunctions02/Utility/MakeFloat2.uasset" 29
"../../../Engine/Content/Functions/Engine_MaterialFunctions02/Utility/MakeFloat3.uasset" 30
"../../../Engine/Content/EngineMaterials/MiniFont.uasset" 31
"../../../Engine/Content/BufferVisualization/CustomStencil.uasset" 32
"../../../Engine/Content/BufferVisualization/FinalImage.uasset" 33
"../../../Engine/Content/BufferVisualization/LightingModel.uasset" 34
"../../../Engine/Content/BufferVisualization/MaterialAO.uasset" 35
"../../../Engine/Content/BufferVisualization/Metallic.uasset" 36
"../../../Engine/Content/BufferVisualization/Opacity.uasset" 37
"../../../Engine/Content/BufferVisualization/PostTonemapHDRColor.uasset" 38
"../../../Engine/Content/BufferVisualization/PreTonemapHDRColor.uasset" 39
"../../../Engine/Content/BufferVisualization/Roughness.uasset" 40
"../../../Engine/Content/BufferVisualization/SceneColor.uasset" 41
"../../../Engine/Content/BufferVisualization/SceneDepth.uasset" 42
"../../../Engine/Content/BufferVisualization/SceneDepthWorldUnits.uasset" 43
"../../../Engine/Content/BufferVisualization/SeparateTranslucencyA.uasset" 44
"../../../Engine/Content/BufferVisualization/SeparateTranslucencyRGB.uasset" 45
"../../../Engine/Content/BufferVisualization/Specular.uasset" 46
"../../../Engine/Content/BufferVisualization/SubsurfaceColor.uasset" 47
"../../../Engine/Content/BufferVisualization/WorldNormal.uasset" 48
"../../../Engine/Content/EditorBlueprintResources/ActorMacros.uasset" 49
"../../../Engine/Content/EditorLandscapeResources/DataLayer.uasset" 50
"../../../Engine/Content/EditorLandscapeResources/DefaultAlphaTexture.uasset" 51
"../../../Engine/Content/EditorLandscapeResources/LandscapeGizmoHeight_Mat.uasset" 52
"../../../Engine/Content/EditorLandscapeResources/LandscapeGizmo_Mat.uasset" 53
"../../../Engine/Content/EditorLandscapeResources/LandscapeGizmo_Mat_Copied.uasset" 54
"../../../Engine/Content/EditorLandscapeResources/SplineEditorMeshMat.uasset" 55
"../../../Engine/Content/EditorLandscapeResources/SplineEditorMesh.uasset" 56
"../../../Engine/Content/EditorMaterials/Cross.uasset" 57
"../../../Engine/Content/EditorMaterials/Cross_Mat.uasset" 58
"../../../Engine/Content/EditorMaterials/GizmoMaterial.uasset" 59
"../../../Engine/Content/Functions/Engine_MaterialFunctions02/Utility/Sign.uasset" 60
"../../../Engine/Content/Functions/Engine_MaterialFunctions02/Utility/Round.uasset" 61
"../../../Engine/Content/Functions/Engine_MaterialFunctions02/ExampleContent/Textures/flipbook.uasset" 62
"../../../Engine/Content/Functions/Engine_MaterialFunctions02/Texturing/FlipBook.uasset" 63
"../../../Engine/Content/EditorResources/T_EditorHelp.uasset" 64
"../../../Engine/Content/EditorMaterials/HelpActorMaterial.uasset" 65
"../../../Engine/Content/EditorMaterials/CompositeARGBLayer.uasset" 66
"../../../Engine/Content/EditorMaterials/TilingAALineIntegral.uasset" 67
"../../../Engine/Content/EditorMaterials/TilingAALineBoxFiltered.uasset" 68
"../../../Engine/Content/Functions/Engine_MaterialFunctions03/Procedurals/ComputeFilterWidth.uasset" 69
"../../../Engine/Content/EditorMaterials/TilingAADots.uasset" 70
"../../../Engine/Content/EngineMaterials/BlendFunc_DefBase.uasset" 71
"../../../Engine/Content/EngineMaterials/BlendFunc_DefBlend.uasset" 72
"../../../Engine/Content/Functions/Engine_MaterialFunctions03/Blends/Blend_Screen.uasset" 73
"../../../Engine/Content/EditorMaterials/TilingAAGrid.uasset" 74
"../../../Engine/Content/EditorMaterials/LevelGridMaterial.uasset" 75
"../../../Engine/Content/EditorMaterials/MakeCompositeARGBLayer.uasset" 76
"../../../Engine/Content/EditorResources/LevelGrid1DStripes.uasset" 77
"../../../Engine/Content/EditorMaterials/TextureGridCascaded1D.uasset" 78
"../../../Engine/Content/EditorMaterials/TextureGridCascaded2D.uasset" 79
"../../../Engine/Content/EditorMaterials/LevelGridMaterial2.uasset" 80
"../../../Engine/Content/EditorMaterials/MAT_Groups_Toggle.uasset" 81
"../../../Engine/Content/EditorMaterials/MAT_Groups_Visibility.uasset" 82
"../../../Engine/Content/EditorMaterials/AntialiasedGridFloor.uasset" 83
"../../../Engine/Content/EditorResources/TilePatine_D.uasset" 84
"../../../Engine/Content/EditorResources/TilePatine_N.uasset" 85
"../../../Engine/Content/EngineMaterials/Grid.uasset" 86
"../../../Engine/Content/EditorMaterials/PersonaFloorMat.uasset" 87
"../../../Engine/Content/EditorMaterials/PhAT_BoneSelectedMaterial.uasset" 88
"../../../Engine/Content/EditorMaterials/PhAT_ElemSelectedMaterial.uasset" 89
"../../../Engine/Content/EditorMaterials/PhAT_NoCollisionMaterial.uasset" 90
"../../../Engine/Content/EditorMaterials/PhAT_UnselectedMaterial.uasset" 91
"../../../Engine/Content/EditorMaterials/PreviewShadowIndicator.uasset" 92
"../../../Engine/Content/EditorMaterials/PreviewShadowIndicatorMaterial.uasset" 93
"../../../Engine/Content/EditorMaterials/TargetIcon.uasset" 94
"../../../Engine/Content/EditorMaterials/Tick.uasset" 95
"../../../Engine/Content/EditorMaterials/Tick_Mat.uasset" 96
"../../../Engine/Content/EditorMaterials/WidgetGridVertexColorMaterial.uasset" 97
"../../../Engine/Content/EditorMaterials/WidgetGridVertexColorMaterial_Ma.uasset" 98
"../../../Engine/Content/EditorMaterials/WidgetMaterial.uasset" 99
"../../../Engine/Content/EditorMaterials/WidgetMaterial_Current.uasset" 100
"../../../Engine/Content/EditorMaterials/WidgetMaterial_X.uasset" 101
"../../../Engine/Content/EditorMaterials/WidgetMaterial_Y.uasset" 102
"../../../Engine/Content/EditorMaterials/WidgetMaterial_Z.uasset" 103
"../../../Engine/Content/EditorMaterials/WidgetVertexColorMaterial.uasset" 104
"../../../Engine/Content/EditorMaterials/MatineeGroups/MAT_ColorTrack.uasset" 105
"../../../Engine/Content/EditorMaterials/MatineeGroups/MAT_Groups_Anim.uasset" 106
"../../../Engine/Content/EditorMaterials/MatineeGroups/MAT_Groups_AudioMaster.uasset" 107
"../../../Engine/Content/EditorMaterials/MatineeGroups/MAT_Groups_Director.uasset" 108
"../../../Engine/Content/EditorMaterials/MatineeGroups/MAT_Groups_Event.uasset" 109
"../../../Engine/Content/EditorMaterials/MatineeGroups/MAT_Groups_Fade.uasset" 110
"../../../Engine/Content/EditorMaterials/MatineeGroups/MAT_Groups_Float.uasset" 111
"../../../Engine/Content/EditorMaterials/MatineeGroups/MAT_Groups_Move.uasset" 112
"../../../Engine/Content/EditorMaterials/MatineeGroups/MAT_Groups_Slomo.uasset" 113
"../../../Engine/Content/EditorMaterials/MatineeGroups/MAT_Groups_Sound.uasset" 114
"../../../Engine/Content/EditorMaterials/MatineeGroups/MAT_Groups_Vector.uasset" 115
"../../../Engine/Content/EditorMaterials/ParticleSystems/PSysThumbnail_NoImage.uasset" 116
"../../../Engine/Content/EditorMaterials/ParticleSystems/PSysThumbnail_OOD.uasset" 117
"../../../Engine/Content/EditorMaterials/Thumbnails/FloorPlaneMaterial.uasset" 118
"../../../Engine/Content/EditorMeshes/EditorCube.uasset" 119
"../../../Engine/Content/EditorMeshes/EditorCylinder.uasset" 120
"../../../Engine/Content/EditorMeshes/EditorPlane.uasset" 121
"../../../Engine/Content/EditorMaterials/Thumbnails/SkySphereMaterial.uasset" 122
"../../../Engine/Content/EditorMeshes/EditorSkySphere.uasset" 123
"../../../Engine/Content/EditorMeshes/EditorSphere.uasset" 124
"../../../Engine/Content/EditorResources/MatineeCam_D.uasset" 125
"../../../Engine/Content/EditorMaterials/MatineeCam_mat.uasset" 126
"../../../Engine/Content/EditorMeshes/MatineeCam_SM.uasset" 127
"../../../Engine/Content/Functions/Engine_MaterialFunctions01/Shading/ConvertFromDiffSpec.uasset" 128
"../../../Engine/Content/EditorMaterials/GridMaterial.uasset" 129
"../../../Engine/Content/EditorMeshes/PhAT_FloorBox.uasset" 130
"../../../Engine/Content/EditorMaterials/Camera/CineMat.uasset" 131
"../../../Engine/Content/EditorMaterials/Camera/MI_CineMat_CameraBody.uasset" 132
"../../../Engine/Content/EngineDebugMaterials/M_SimpleOpaque.uasset" 133
"../../../Engine/Content/EditorMaterials/Camera/MI_CineMat_CamViewFinder.uasset" 134
"../../../Engine/Content/EditorMeshes/Camera/SM_CineCam.uasset" 135
"../../../Engine/Content/EditorMaterials/Camera/MI_CineMat_Rig.uasset" 136
"../../../Engine/Content/EditorMeshes/Camera/SM_CraneRig_Arm.uasset" 137
"../../../Engine/Content/EditorMeshes/Camera/SM_CraneRig_Base.uasset" 138
"../../../Engine/Content/EditorMeshes/Camera/SM_CraneRig_Body.uasset" 139
"../../../Engine/Content/EditorMeshes/Camera/SM_CraneRig_Mount.uasset" 140
"../../../Engine/Content/EditorMeshes/Camera/SM_RailRig_Mount.uasset" 141
"../../../Engine/Content/EditorMeshes/Camera/SM_RailRig_Track.uasset" 142
"../../../Engine/Content/EditorResources/Bad.uasset" 143
"../../../Engine/Content/EditorResources/BSPVertex.uasset" 144
"../../../Engine/Content/EditorResources/EmptyActor.uasset" 145
"../../../Engine/Content/EditorResources/MatInstActSprite.uasset" 146
"../../../Engine/Content/EditorResources/SceneManager.uasset" 147
"../../../Engine/Content/EditorResources/SmallFont.uasset" 148
"../../../Engine/Content/EditorResources/S_Actor.uasset" 149
"../../../Engine/Content/EditorResources/S_DecalActorIcon.uasset" 150
"../../../Engine/Content/EditorResources/S_Emitter.uasset" 151
"../../../Engine/Content/EditorResources/S_ExpoHeightFog.uasset" 152
"../../../Engine/Content/EditorResources/S_FTest.uasset" 153
"../../../Engine/Content/EditorResources/S_KBSJoint.uasset" 154
"../../../Engine/Content/EditorResources/S_KHinge.uasset" 155
"../../../Engine/Content/EditorResources/S_KPrismatic.uasset" 156
"../../../Engine/Content/EditorResources/S_LevelSequence.uasset" 157
"../../../Engine/Content/EditorResources/S_NavP.uasset" 158
"../../../Engine/Content/EditorResources/S_Note.uasset" 159
"../../../Engine/Content/EditorResources/S_Player.uasset" 160
"../../../Engine/Content/EditorResources/S_PortalActorIcon2.uasset" 161
"../../../Engine/Content/EditorResources/S_RadForce.uasset" 162
"../../../Engine/Content/EditorResources/S_ReflActorIcon.uasset" 163
"../../../Engine/Content/EditorResources/S_Terrain.uasset" 164
"../../../Engine/Content/EditorResources/S_TextRenderActorIcon.uasset" 165
"../../../Engine/Content/EditorResources/S_Thruster.uasset" 166
"../../../Engine/Content/EditorResources/S_Trigger.uasset" 167
"../../../Engine/Content/EditorResources/S_VectorFieldVol.uasset" 168
"../../../Engine/Content/EditorResources/S_WindDirectional.uasset" 169
"../../../Engine/Content/EditorResources/AI/S_NavLink.uasset" 170
"../../../Engine/Content/EditorResources/AudioIcons/S_AudioComponent.uasset" 171
"../../../Engine/Content/EditorResources/AudioIcons/S_AudioComponent_AutoActivate.uasset" 172
"../../../Engine/Content/EditorResources/LightIcons/SkyLight.uasset" 173
"../../../Engine/Content/EditorResources/LightIcons/S_LightDirectional.uasset" 174
"../../../Engine/Content/EditorResources/LightIcons/S_LightDirectionalMove.uasset" 175
"../../../Engine/Content/EditorResources/LightIcons/S_LightError.uasset" 176
"../../../Engine/Content/EditorResources/LightIcons/S_LightPoint.uasset" 177
"../../../Engine/Content/EditorResources/LightIcons/S_LightPointMove.uasset" 178
"../../../Engine/Content/EditorResources/LightIcons/S_LightSpot.uasset" 179
"../../../Engine/Content/EditorResources/LightIcons/S_LightSpotMove.uasset" 180
"../../../Engine/Content/EditorResources/SequenceRecorder/Countdown.uasset" 181
"../../../Engine/Content/EditorResources/SequenceRecorder/RecordingIndicator.uasset" 182
"../../../Engine/Content/EditorResources/Spline/T_Loft_Spline.uasset" 183
"../../../Engine/Content/EditorSounds/Notifications/CompileFailed.uasset" 184
"../../../Engine/Content/EditorSounds/Notifications/CompileFailed_Cue.uasset" 185
"../../../Engine/Content/EditorSounds/Notifications/CompileSuccess.uasset" 186
"../../../Engine/Content/EditorSounds/Notifications/CompileStart_Cue.uasset" 187
"../../../Engine/Content/EditorSounds/Notifications/CompileSuccess_Cue.uasset" 188
"../../../Engine/Content/EngineDamageTypes/DmgTypeBP_Environmental.uasset" 189
"../../../Engine/Content/EngineDebugMaterials/HeatmapGradient.uasset" 190
"../../../Engine/Content/EngineDebugMaterials/BoneWeightMaterial.uasset" 191
"../../../Engine/Content/EngineDebugMaterials/ClothMaterial.uasset" 192
"../../../Engine/Content/EngineDebugMaterials/ClothMaterial_WF.uasset" 193
"../../../Engine/Content/EngineDebugMaterials/DebugEditorMaterial.uasset" 194
"../../../Engine/Content/EngineDebugMaterials/DebugMeshMaterial.uasset" 195
"../../../Engine/Content/EngineDebugMaterials/GeomMaterial.uasset" 196
"../../../Engine/Content/EngineDebugMaterials/LevelColorationLitMaterial.uasset" 197
"../../../Engine/Content/EngineDebugMaterials/LevelColorationUnlitMaterial.uasset" 198
"../../../Engine/Content/EngineMaterials/DefaultWhiteGrid.uasset" 199
"../../../Engine/Content/EngineDebugMaterials/MAT_LevelColorationLitLightmapUV.uasset" 200
"../../../Engine/Content/EngineDebugMaterials/M_SimpleTranslucent.uasset" 201
"../../../Engine/Content/EngineDebugMaterials/ShadedLevelColorationLitMaterial.uasset" 202
"../../../Engine/Content/EngineDebugMaterials/ShadedLevelColorationUnlitMateri.uasset" 203
"../../../Engine/Content/EngineDebugMaterials/VertexColorMaterial.uasset" 204
"../../../Engine/Content/EngineDebugMaterials/VertexColorViewMode_AlphaAsColor.uasset" 205
"../../../Engine/Content/EngineDebugMaterials/VertexColorViewMode_BlueOnly.uasset" 206
"../../../Engine/Content/EngineDebugMaterials/VertexColorViewMode_ColorOnly.uasset" 207
"../../../Engine/Content/EngineDebugMaterials/VertexColorViewMode_GreenOnly.uasset" 208
"../../../Engine/Content/EngineDebugMaterials/VertexColorViewMode_RedOnly.uasset" 209
"../../../Engine/Content/EngineDebugMaterials/WireframeMaterial.uasset" 210
"../../../Engine/Content/EngineFonts/Faces/RobotoBold.uasset" 211
"../../../Engine/Content/EngineFonts/Faces/RobotoBoldItalic.uasset" 212
"../../../Engine/Content/EngineFonts/Faces/RobotoItalic.uasset" 213
"../../../Engine/Content/EngineFonts/Faces/RobotoLight.uasset" 214
"../../../Engine/Content/EngineFonts/Faces/RobotoRegular.uasset" 215
"../../../Engine/Content/EngineFonts/Roboto.uasset" 216
"../../../Engine/Content/EngineFonts/Faces/RobotoTiny.uasset" 217
"../../../Engine/Content/EngineFonts/RobotoTiny.uasset" 218
"../../../Engine/Content/EngineFonts/SmallFont.uasset" 219
"../../../Engine/Content/EngineFonts/TinyFont.uasset" 220
"../../../Engine/Content/EngineFonts/RobotoDistanceField.uasset" 221
"../../../Engine/Content/EngineMaterials/AntiAliasedTextMaterialTranslucent.uasset" 222
"../../../Engine/Content/EngineMaterials/BaseFlattenDiffuseMap.uasset" 223
"../../../Engine/Content/EngineMaterials/BaseFlattenEmissiveMap.uasset" 224
"../../../Engine/Content/EngineMaterials/BaseFlattenGrayscaleMap.uasset" 225
"../../../Engine/Content/EngineMaterials/BaseFlattenNormalMap.uasset" 226
"../../../Engine/Content/EngineMaterials/BaseFlattenMaterial.uasset" 227
"../../../Engine/Content/EngineResources/WhiteSquareTexture.uasset" 228
"../../../Engine/Content/EngineMaterials/BlinkingCaret.uasset" 229
"../../../Engine/Content/EngineMaterials/DefaultBloomKernel.uasset" 230
"../../../Engine/Content/EngineMaterials/DefaultBokeh.uasset" 231
"../../../Engine/Content/EngineMaterials/DefaultDiffuse.uasset" 232
"../../../Engine/Content/EngineMaterials/DefaultDeferredDecalMaterial.uasset" 233
"../../../Engine/Content/EngineMaterials/DefaultDiffuse_TC_Masks.uasset" 234
"../../../Engine/Content/EngineMaterials/DefaultLightFunctionMaterial.uasset" 235
"../../../Engine/Content/EngineMaterials/DefaultNormal.uasset" 236
"../../../Engine/Content/EngineMaterials/DefaultPostProcessMaterial.uasset" 237
"../../../Engine/Content/EngineMaterials/DefaultTextMaterialOpaque.uasset" 238
"../../../Engine/Content/EngineMaterials/EditorBrushMaterial.uasset" 239
"../../../Engine/Content/EngineMaterials/Good64x64TilingNoiseHighFreq.uasset" 240
"../../../Engine/Content/EngineMaterials/Grid_N.uasset" 241
"../../../Engine/Content/EngineMaterials/HighResolutionScreenshotMaskFunction.uasset" 242
"../../../Engine/Content/EngineMaterials/HighResScreenshot.uasset" 243
"../../../Engine/Content/EngineMaterials/HighResScreenshotCaptureRegion.uasset" 244
"../../../Engine/Content/EngineMaterials/HighResScreenshotMask.uasset" 245
"../../../Engine/Content/EngineMaterials/LandscapeHolePhysicalMaterial.uasset" 246
"../../../Engine/Content/EngineMaterials/InvalidLightmapSettings.uasset" 247
"../../../Engine/Content/EngineMaterials/M_InvalidLightmapSettings.uasset" 248
"../../../Engine/Content/EngineMaterials/PaperDiffuse.uasset" 249
"../../../Engine/Content/EngineMaterials/PaperNormal.uasset" 250
"../../../Engine/Content/Functions/Engine_MaterialFunctions02/WorldPositionOffset/CameraOffset.uasset" 251
"../../../Engine/Content/EngineMaterials/PhAT_JointLimitMaterial.uasset" 252
"../../../Engine/Content/EngineMaterials/PhysMat_Rubber.uasset" 253
"../../../Engine/Content/EngineMaterials/PreintegratedSkinBRDF.uasset" 254
"../../../Engine/Content/EngineMaterials/RemoveSurfaceMaterial.uasset" 255
"../../../Engine/Content/EngineMaterials/WeightMapPlaceholderTexture.uasset" 256
"../../../Engine/Content/EngineMaterials/Widget3DPassThrough.uasset" 257
"../../../Engine/Content/EngineMaterials/Widget3DPassThrough_Masked.uasset" 258
"../../../Engine/Content/EngineMaterials/Widget3DPassThrough_Opaque.uasset" 259
"../../../Engine/Content/EngineMaterials/Widget3DPassThrough_Masked_OneSided.uasset" 260
"../../../Engine/Content/EngineMaterials/Widget3DPassThrough_Opaque_OneSided.uasset" 261
"../../../Engine/Content/EngineMaterials/Widget3DPassThrough_Translucent.uasset" 262
"../../../Engine/Content/EngineMaterials/Widget3DPassThrough_Translucent_OneSided.uasset" 263
"../../../Engine/Content/EngineMeshes/Cylinder.uasset" 264
"../../../Engine/Content/EngineMeshes/Sphere.uasset" 265
"../../../Engine/Content/EngineResources/Black.uasset" 266
"../../../Engine/Content/EngineResources/DefaultTexture.uasset" 267
"../../../Engine/Content/EngineResources/DefaultTextureCube.uasset" 268
"../../../Engine/Content/EngineResources/DefaultVolumeTexture2D.uasset" 269
"../../../Engine/Content/EngineResources/DefaultVolumeTexture.uasset" 270
"../../../Engine/Content/EngineResources/GradientTexture0.uasset" 271
"../../../Engine/Content/EngineResources/StreamingPauseIcon.uasset" 272
"../../../Engine/Content/EngineResources/M_StreamingPause.uasset" 273
"../../../Engine/Content/EngineSounds/Master.uasset" 274
"../../../Engine/Content/Functions/Engine_MaterialFunctions01/Shading/PowerToRoughness.uasset" 275
"../../../Engine/Content/Maps/Entry_BuiltData.uasset" 276
"../../../Engine/Content/Maps/Templates/Thumbnails/Default.uasset" 277
"../../../Engine/Content/Maps/Templates/Thumbnails/VR-Basic.uasset" 278
"../../../Engine/Content/MapTemplates/Sky/DaylightAmbientCubemap.uasset" 279
"../../../Engine/Content/MobileResources/T_MobileControls_texture.uasset" 280
"../../../Engine/Content/MobileResources/T_MobileMenu2.uasset" 281
"../../../Engine/Content/MobileResources/HUD/AnalogHat.uasset" 282
"../../../Engine/Content/MobileResources/HUD/VirtualJoystick_Background.uasset" 283
"../../../Engine/Content/MobileResources/HUD/VirtualJoystick_Thumb.uasset" 284
"../../../Engine/Content/MobileResources/HUD/DefaultVirtualJoysticks.uasset" 285
"../../../Engine/Content/MobileResources/HUD/LeftVirtualJoystickOnly.uasset" 286
"../../../Engine/Content/MobileResources/HUD/MobileHUDButton1_off.uasset" 287
"../../../Engine/Content/MobileResources/HUD/MobileHUDButton1_on.uasset" 288
"../../../Engine/Content/MobileResources/HUD/MobileHUDButton2_off.uasset" 289
"../../../Engine/Content/MobileResources/HUD/MobileHUDButton2_on.uasset" 290
"../../../Engine/Content/MobileResources/HUD/MobileHUDButton3.uasset" 291
"../../../Engine/Content/MobileResources/HUD/MobileHUDButtonFire.uasset" 292
"../../../Engine/Content/MobileResources/HUD/MobileHUDDirectionPad.uasset" 293
"../../../Engine/Content/MobileResources/HUD/MobileHUDDirectionPad2.uasset" 294
"../../../Engine/Content/MobileResources/HUD/MobileHUDDirectionPad3.uasset" 295
"../../../Engine/Content/MobileResources/HUD/MobileHUDDirectionStick.uasset" 296
"../../../Engine/Content/MobileResources/HUD/T_Castle_ThumbstickInner.uasset" 297
"../../../Engine/Content/MobileResources/HUD/T_Castle_ThumbstickOutter.uasset" 298
"../../../Engine/Content/Tutorial/ContentIntroCurve.uasset" 299
"../../../Engine/Content/Tutorial/Basics/TutorialAssets/icon_tab_Levels_40x.uasset" 300
"../../../Engine/Content/Tutorial/BlueprintTutorials/TutorialAssets/Blueprint_64x.uasset" 301
"../../../Engine/Content/Tutorial/Paper2D/TutorialAssets/Paper2DSprite_TutorialIcon.uasset" 302
"../../../Engine/Content/VREditor/LaserPointer/VR_LaserPower_01.uasset" 303
"../../../Engine/Content/VREditor/TransformGizmo/TransformGizmoMaterial.uasset" 304
"../../../Engine/Content/VREditor/TransformGizmo/TranslucentTransformGizmoMaterial.uasset" 305
"../../../Engine/Content/VREditor/TransformGizmo/BoundingBoxCorner.uasset" 306
"../../../Engine/Content/VREditor/TransformGizmo/BoundingBoxEdge.uasset" 307
"../../../Engine/Content/VREditor/TransformGizmo/PlaneTranslationHandle.uasset" 308
"../../../Engine/Content/VREditor/TransformGizmo/Main.uasset" 309
"../../../Engine/Content/VREditor/TransformGizmo/Xray.uasset" 310
"../../../Engine/Content/VREditor/TransformGizmo/SM_Sequencer_Key.uasset" 311
"../../../Engine/Content/VREditor/TransformGizmo/SM_Sequencer_Node.uasset" 312
"../../../../../../Projects/Unreal/SufficientProject/Content/StarterContent/Materials/M_Basic_Wall.uasset" 313
"../../../../../../Projects/Unreal/SufficientProject/Content/StarterContent/Architecture/Wall_400x200.uasset" 314
"../../../../../../Projects/Unreal/SufficientProject/Content/StarterContent/Architecture/Wall_Door_400x300.uasset" 315
"../../../../../../Projects/Unreal/SufficientProject/Content/StarterContent/Architecture/Wall_Window_400x300.uasset" 316
"../../../../../../Projects/Unreal/SufficientProject/Content/StarterContent/Audio/Collapse01.uasset" 317
"../../../../../../Projects/Unreal/SufficientProject/Content/StarterContent/Audio/Collapse02.uasset" 318
"../../../../../../Projects/Unreal/SufficientProject/Content/StarterContent/Audio/Collapse_Cue.uasset" 319
"../../../../../../Projects/Unreal/SufficientProject/Content/StarterContent/Audio/Fire01.uasset" 320
"../../../../../../Projects/Unreal/SufficientProject/Content/StarterContent/Audio/Fire_Sparks01.uasset" 321
"../../../../../../Projects/Unreal/SufficientProject/Content/StarterContent/Audio/Smoke01.uasset" 322
"../../../../../../Projects/Unreal/SufficientProject/Content/StarterContent/Audio/Starter_Birds01.uasset" 323
"../../../../../../Projects/Unreal/SufficientProject/Content/StarterContent/Audio/Starter_Music01.uasset" 324
"../../../../../../Projects/Unreal/SufficientProject/Content/StarterContent/Audio/Starter_Music_Cue.uasset" 325
"../../../../../../Projects/Unreal/SufficientProject/Content/StarterContent/Audio/Starter_Wind05.uasset" 326
"../../../../../../Projects/Unreal/SufficientProject/Content/StarterContent/Audio/Starter_Wind06.uasset" 327
"../../../../../../Projects/Unreal/SufficientProject/Content/StarterContent/Audio/Steam01.uasset" 328
"../../../../../../Projects/Unreal/SufficientProject/Content/StarterContent/Textures/T_Lamp_M.uasset" 329
"../../../../../../Projects/Unreal/SufficientProject/Content/StarterContent/Textures/T_Lamp_N.uasset" 330
"../../../../../../Projects/Unreal/SufficientProject/Content/StarterContent/Props/Materials/M_Lamp.uasset" 331
"../../../../../../Projects/Unreal/SufficientProject/Content/StarterContent/Props/SM_Lamp_Ceiling.uasset" 332
"../../../../../../Projects/Unreal/SufficientProject/Content/StarterContent/Blueprints/Blueprint_CeilingLight.uasset" 333
"../../../../../../Projects/Unreal/SufficientProject/Content/StarterContent/Audio/Fire01_Cue.uasset" 334
"../../../../../../Projects/Unreal/SufficientProject/Content/StarterContent/Textures/T_Fire_SubUV.uasset" 335
"../../../../../../Projects/Unreal/SufficientProject/Content/StarterContent/Textures/T_Fire_Tiled_D.uasset" 336
"../../../../../../Projects/Unreal/SufficientProject/Content/StarterContent/Particles/Materials/M_Fire_SubUV.uasset" 337
"../../../../../../Projects/Unreal/SufficientProject/Content/StarterContent/Textures/T_Water_N.uasset" 338
"../../../../../../Projects/Unreal/SufficientProject/Content/StarterContent/Particles/Materials/M_Heat_Distortion.uasset" 339
"../../../Engine/Content/Functions/Engine_MaterialFunctions01/Gradient/RadialGradient.uasset" 340
"../../../../../../Projects/Unreal/SufficientProject/Content/StarterContent/Particles/Materials/M_Radial_Gradient.uasset" 341
"../../../../../../Projects/Unreal/SufficientProject/Content/StarterContent/Textures/T_Smoke_SubUV.uasset" 342
"../../../../../../Projects/Unreal/SufficientProject/Content/StarterContent/Textures/T_Smoke_Tiled_D.uasset" 343
"../../../../../../Projects/Unreal/SufficientProject/Content/StarterContent/Particles/Materials/M_smoke_subUV.uasset" 344
"../../../../../../Projects/Unreal/SufficientProject/Content/StarterContent/Particles/P_Fire.uasset" 345
"../../../../../../Projects/Unreal/SufficientProject/Content/StarterContent/Blueprints/Blueprint_Effect_Fire.uasset" 346
"../../../../../../Projects/Unreal/SufficientProject/Content/StarterContent/Audio/Smoke01_Cue.uasset" 347
"../../../../../../Projects/Unreal/SufficientProject/Content/StarterContent/Particles/P_Smoke.uasset" 348
"../../../../../../Projects/Unreal/SufficientProject/Content/StarterContent/Blueprints/Blueprint_Effect_Smoke.uasset" 349
"../../../../../../Projects/Unreal/SufficientProject/Content/StarterContent/Audio/Fire_Sparks01_Cue.uasset" 350
"../../../../../../Projects/Unreal/SufficientProject/Content/StarterContent/Textures/T_Spark_Core.uasset" 351
"../../../../../../Projects/Unreal/SufficientProject/Content/StarterContent/Particles/Materials/M_Spark.uasset" 352
"../../../../../../Projects/Unreal/SufficientProject/Content/StarterContent/Particles/P_Sparks.uasset" 353
"../../../../../../Projects/Unreal/SufficientProject/Content/StarterContent/Blueprints/Blueprint_Effect_Sparks.uasset" 354
"../../../../../../Projects/Unreal/SufficientProject/Content/StarterContent/Audio/Steam01_Cue.uasset" 355
"../../../../../../Projects/Unreal/SufficientProject/Content/StarterContent/Particles/P_Steam_Lit.uasset" 356
"../../../../../../Projects/Unreal/SufficientProject/Content/StarterContent/Blueprints/Blueprint_Effect_Steam.uasset" 357
"../../../../../../Projects/Unreal/SufficientProject/Content/StarterContent/Props/SM_Lamp_Wall.uasset" 358
"../../../../../../Projects/Unreal/SufficientProject/Content/StarterContent/Blueprints/Blueprint_WallSconce.uasset" 359
"../../../../../../Projects/Unreal/SufficientProject/Content/StarterContent/HDRI/HDRI_Epic_Courtyard_Daylight.uasset" 360
"../../../../../../Projects/Unreal/SufficientProject/Content/StarterContent/Maps/StarterMap_BuiltData.uasset" 361
"../../../../../../Projects/Unreal/SufficientProject/Content/StarterContent/Textures/T_Brick_Clay_Beveled_D.uasset" 362
"../../../../../../Projects/Unreal/SufficientProject/Content/StarterContent/Textures/T_Brick_Clay_Beveled_M.uasset" 363
"../../../../../../Projects/Unreal/SufficientProject/Content/StarterContent/Textures/T_Brick_Clay_Beveled_N.uasset" 364
"../../../../../../Projects/Unreal/SufficientProject/Content/StarterContent/Textures/T_MacroVariation.uasset" 365
"../../../../../../Projects/Unreal/SufficientProject/Content/StarterContent/Materials/M_Brick_Clay_Beveled.uasset" 366
"../../../../../../Projects/Unreal/SufficientProject/Content/StarterContent/Textures/T_Brick_Clay_New_D.uasset" 367
"../../../../../../Projects/Unreal/SufficientProject/Content/StarterContent/Textures/T_Brick_Clay_New_M.uasset" 368
"../../../../../../Projects/Unreal/SufficientProject/Content/StarterContent/Textures/T_Brick_Clay_New_N.uasset" 369
"../../../../../../Projects/Unreal/SufficientProject/Content/StarterContent/Textures/T_Detail_Rocky_N.uasset" 370
"../../../../../../Projects/Unreal/SufficientProject/Content/StarterContent/Materials/M_Brick_Clay_New.uasset" 371
"../../../../../../Projects/Unreal/SufficientProject/Content/StarterContent/Textures/T_Brick_Clay_Old_D.uasset" 372
"../../../../../../Projects/Unreal/SufficientProject/Content/StarterContent/Textures/T_Brick_Clay_Old_N.uasset" 373
"../../../../../../Projects/Unreal/SufficientProject/Content/StarterContent/Textures/T_Perlin_Noise_M.uasset" 374
"../../../../../../Projects/Unreal/SufficientProject/Content/StarterContent/Materials/M_Brick_Clay_Old.uasset" 375
"../../../../../../Projects/Unreal/SufficientProject/Content/StarterContent/Textures/T_Brick_Cut_Stone_D.uasset" 376
"../../../../../../Projects/Unreal/SufficientProject/Content/StarterContent/Textures/T_Brick_Cut_Stone_N.uasset" 377
"../../../../../../Projects/Unreal/SufficientProject/Content/StarterContent/Materials/M_Brick_Cut_Stone.uasset" 378
"../../../../../../Projects/Unreal/SufficientProject/Content/StarterContent/Textures/T_Brick_Hewn_Stone_D.uasset" 379
"../../../../../../Projects/Unreal/SufficientProject/Content/StarterContent/Textures/T_Brick_Hewn_Stone_M.uasset" 380
"../../../../../../Projects/Unreal/SufficientProject/Content/StarterContent/Textures/T_Brick_Hewn_Stone_N.uasset" 381
"../../../../../../Projects/Unreal/SufficientProject/Content/StarterContent/Materials/M_Brick_Hewn_Stone.uasset" 382
"../../../../../../Projects/Unreal/SufficientProject/Content/StarterContent/Textures/T_Ceramic_Tile_M.uasset" 383
"../../../../../../Projects/Unreal/SufficientProject/Content/StarterContent/Textures/T_Ceramic_Tile_N.uasset" 384
"../../../../../../Projects/Unreal/SufficientProject/Content/StarterContent/Textures/T_Rock_Marble_Polished_D.uasset" 385
"../../../../../../Projects/Unreal/SufficientProject/Content/StarterContent/Materials/M_Ceramic_Tile_Checker.uasset" 386
"../../../../../../Projects/Unreal/SufficientProject/Content/StarterContent/Textures/T_CobbleStone_Pebble_D.uasset" 387
"../../../../../../Projects/Unreal/SufficientProject/Content/StarterContent/Textures/T_CobbleStone_Pebble_M.uasset" 388
"../../../../../../Projects/Unreal/SufficientProject/Content/StarterContent/Textures/T_CobbleStone_Pebble_N.uasset" 389
"../../../../../../Projects/Unreal/SufficientProject/Content/StarterContent/Materials/M_CobbleStone_Pebble.uasset" 390
"../../../../../../Projects/Unreal/SufficientProject/Content/StarterContent/Textures/T_CobbleStone_Rough_D.uasset" 391
"../../../../../../Projects/Unreal/SufficientProject/Content/StarterContent/Textures/T_CobbleStone_Rough_N.uasset" 392
"../../../../../../Projects/Unreal/SufficientProject/Content/StarterContent/Textures/T_Gradinet_01.uasset" 393
"../../../../../../Projects/Unreal/SufficientProject/Content/StarterContent/Textures/T_Rock_Smooth_Granite_D.uasset" 394
"../../../../../../Projects/Unreal/SufficientProject/Content/StarterContent/Materials/M_CobbleStone_Rough.uasset" 395
"../../../../../../Projects/Unreal/SufficientProject/Content/StarterContent/Textures/T_CobbleStone_Smooth_D.uasset" 396
"../../../../../../Projects/Unreal/SufficientProject/Content/StarterContent/Textures/T_CobbleStone_Smooth_M.uasset" 397
"../../../../../../Projects/Unreal/SufficientProject/Content/StarterContent/Textures/T_CobbleStone_Smooth_N.uasset" 398
"../../../../../../Projects/Unreal/SufficientProject/Content/StarterContent/Materials/M_CobbleStone_Smooth.uasset" 399
"../../../../../../Projects/Unreal/SufficientProject/Content/StarterContent/Textures/T_Concrete_Grime_D.uasset" 400
"../../../../../../Projects/Unreal/SufficientProject/Content/StarterContent/Textures/T_Metal_Rust_N.uasset" 401
"../../../../../../Projects/Unreal/SufficientProject/Content/StarterContent/Materials/M_Concrete_Grime.uasset" 402
"../../../../../../Projects/Unreal/SufficientProject/Content/StarterContent/Textures/T_Concrete_Panels_D.uasset" 403
"../../../../../../Projects/Unreal/SufficientProject/Content/StarterContent/Textures/T_Concrete_Panels_N.uasset" 404
"../../../../../../Projects/Unreal/SufficientProject/Content/StarterContent/Materials/M_Concrete_Panels.uasset" 405
"../../../../../../Projects/Unreal/SufficientProject/Content/StarterContent/Textures/T_Concrete_Poured_D.uasset" 406
"../../../../../../Projects/Unreal/SufficientProject/Content/StarterContent/Textures/T_Concrete_Poured_N.uasset" 407
"../../../../../../Projects/Unreal/SufficientProject/Content/StarterContent/Materials/M_Concrete_Poured.uasset" 408
"../../../../../../Projects/Unreal/SufficientProject/Content/StarterContent/Textures/T_Concrete_Tiles_D.uasset" 409
"../../../../../../Projects/Unreal/SufficientProject/Content/StarterContent/Textures/T_Concrete_Tiles_M.uasset" 410
"../../../../../../Projects/Unreal/SufficientProject/Content/StarterContent/Textures/T_Concrete_Tiles_N.uasset" 411
"../../../../../../Projects/Unreal/SufficientProject/Content/StarterContent/Textures/T_Concrete_Tiles_Variation_M.uasset" 412
"../../../../../../Projects/Unreal/SufficientProject/Content/StarterContent/Materials/M_Concrete_Tiles.uasset" 413
"../../../../../../Projects/Unreal/SufficientProject/Content/StarterContent/Textures/T_Ground_Grass_D.uasset" 414
"../../../../../../Projects/Unreal/SufficientProject/Content/StarterContent/Textures/T_Ground_Grass_N.uasset" 415
"../../../../../../Projects/Unreal/SufficientProject/Content/StarterContent/Materials/M_Ground_Grass.uasset" 416
"../../../../../../Projects/Unreal/SufficientProject/Content/StarterContent/Textures/T_Ground_Gravel_D.uasset" 417
"../../../../../../Projects/Unreal/SufficientProject/Content/StarterContent/Textures/T_Ground_Gravel_N.uasset" 418
"../../../../../../Projects/Unreal/SufficientProject/Content/StarterContent/Materials/M_Ground_Gravel.uasset" 419
"../../../../../../Projects/Unreal/SufficientProject/Content/StarterContent/Textures/T_ground_Moss_D.uasset" 420
"../../../../../../Projects/Unreal/SufficientProject/Content/StarterContent/Textures/T_Ground_Moss_N.uasset" 421
"../../../../../../Projects/Unreal/SufficientProject/Content/StarterContent/Materials/M_Ground_Moss.uasset" 422
"../../../../../../Projects/Unreal/SufficientProject/Content/StarterContent/Textures/T_Metal_Aluminum_D.uasset" 423
"../../../../../../Projects/Unreal/SufficientProject/Content/StarterContent/Textures/T_Metal_Gold_N.uasset" 424
"../../../../../../Projects/Unreal/SufficientProject/Content/StarterContent/Materials/M_Metal_Burnished_Steel.uasset" 425
"../../../../../../Projects/Unreal/SufficientProject/Content/StarterContent/Materials/M_Metal_Chrome.uasset" 426
"../../../../../../Projects/Unreal/SufficientProject/Content/StarterContent/Textures/T_Metal_Gold_D.uasset" 427
"../../../../../../Projects/Unreal/SufficientProject/Content/StarterContent/Materials/M_Metal_Gold.uasset" 428
"../../../Engine/Content/Functions/Engine_MaterialFunctions02/Utility/BlendAngleCorrectedNormals.uasset" 429
"../../../../../../Projects/Unreal/SufficientProject/Content/StarterContent/Textures/T_Metal_Rust_D.uasset" 430
"../../../../../../Projects/Unreal/SufficientProject/Content/StarterContent/Materials/M_Metal_Rust.uasset" 431
"../../../../../../Projects/Unreal/SufficientProject/Content/StarterContent/Textures/T_Metal_Steel_D.uasset" 432
"../../../../../../Projects/Unreal/SufficientProject/Content/StarterContent/Textures/T_Metal_Steel_N.uasset" 433
"../../../../../../Projects/Unreal/SufficientProject/Content/StarterContent/Materials/M_Metal_Steel.uasset" 434
"../../../../../../Projects/Unreal/SufficientProject/Content/StarterContent/Textures/T_Rock_Basalt_D.uasset" 435
"../../../../../../Projects/Unreal/SufficientProject/Content/StarterContent/Textures/T_Rock_Basalt_N.uasset" 436
"../../../../../../Projects/Unreal/SufficientProject/Content/StarterContent/Materials/M_Rock_Basalt.uasset" 437
"../../../../../../Projects/Unreal/SufficientProject/Content/StarterContent/Materials/M_Rock_Marble_Polished.uasset" 438
"../../../../../../Projects/Unreal/SufficientProject/Content/StarterContent/Textures/T_Rock_Sandstone_D.uasset" 439
"../../../../../../Projects/Unreal/SufficientProject/Content/StarterContent/Textures/T_Rock_Sandstone_N.uasset" 440
"../../../../../../Projects/Unreal/SufficientProject/Content/StarterContent/Materials/M_Rock_Sandstone.uasset" 441
"../../../../../../Projects/Unreal/SufficientProject/Content/StarterContent/Textures/T_Rock_Slate_D.uasset" 442
"../../../../../../Projects/Unreal/SufficientProject/Content/StarterContent/Textures/T_Rock_Slate_N.uasset" 443
"../../../../../../Projects/Unreal/SufficientProject/Content/StarterContent/Materials/M_Rock_Slate.uasset" 444
"../../../../../../Projects/Unreal/SufficientProject/Content/StarterContent/Textures/T_Checker_Noise_M.uasset" 445
"../../../../../../Projects/Unreal/SufficientProject/Content/StarterContent/Textures/T_Single_Tile_N.uasset" 446
"../../../../../../Projects/Unreal/SufficientProject/Content/StarterContent/Textures/T_Tech_Dot_M.uasset" 447
"../../../../../../Projects/Unreal/SufficientProject/Content/StarterContent/Textures/T_Tech_Dot_N.uasset" 448
"../../../../../../Projects/Unreal/SufficientProject/Content/StarterContent/Materials/M_Tech_Checker_Dot.uasset" 449
"../../../../../../Projects/Unreal/SufficientProject/Content/StarterContent/Textures/T_Tech_Hex_Tile_M.uasset" 450
"../../../../../../Projects/Unreal/SufficientProject/Content/StarterContent/Textures/T_Tech_Hex_Tile_N.uasset" 451
"../../../../../../Projects/Unreal/SufficientProject/Content/StarterContent/Materials/M_Tech_Hex_Tile.uasset" 452
"../../../../../../Projects/Unreal/SufficientProject/Content/StarterContent/Materials/M_Tech_Hex_Tile_Pulse.uasset" 453
"../../../../../../Projects/Unreal/SufficientProject/Content/StarterContent/Textures/T_Tech_Panel_M.uasset" 454
"../../../../../../Projects/Unreal/SufficientProject/Content/StarterContent/Textures/T_Tech_Panel_N.uasset" 455
"../../../../../../Projects/Unreal/SufficientProject/Content/StarterContent/Materials/M_Tech_Panel.uasset" 456
"../../../../../../Projects/Unreal/SufficientProject/Content/StarterContent/Materials/M_Water_Lake.uasset" 457
"../../../../../../Projects/Unreal/SufficientProject/Content/StarterContent/Textures/T_Water_M.uasset" 458
"../../../../../../Projects/Unreal/SufficientProject/Content/StarterContent/Materials/M_Water_Ocean.uasset" 459
"../../../../../../Projects/Unreal/SufficientProject/Content/StarterContent/Textures/T_Wood_Floor_Walnut_D.uasset" 460
"../../../../../../Projects/Unreal/SufficientProject/Content/StarterContent/Textures/T_Wood_Floor_Walnut_M.uasset" 461
"../../../../../../Projects/Unreal/SufficientProject/Content/StarterContent/Textures/T_Wood_Floor_Walnut_N.uasset" 462
"../../../../../../Projects/Unreal/SufficientProject/Content/StarterContent/Materials/M_Wood_Floor_Walnut_Polished.uasset" 463
"../../../Engine/Content/Functions/Engine_MaterialFunctions01/Opacity/AlphaOffset.uasset" 464
"../../../../../../Projects/Unreal/SufficientProject/Content/StarterContent/Materials/M_Wood_Floor_Walnut_Worn.uasset" 465
"../../../../../../Projects/Unreal/SufficientProject/Content/StarterContent/Textures/T_Wood_Oak_D.uasset" 466
"../../../../../../Projects/Unreal/SufficientProject/Content/StarterContent/Textures/T_Wood_Oak_N.uasset" 467
"../../../../../../Projects/Unreal/SufficientProject/Content/StarterContent/Materials/M_Wood_Oak.uasset" 468
"../../../../../../Projects/Unreal/SufficientProject/Content/StarterContent/Textures/T_Wood_Pine_D.uasset" 469
"../../../../../../Projects/Unreal/SufficientProject/Content/StarterContent/Textures/T_Wood_Pine_N.uasset" 470
"../../../../../../Projects/Unreal/SufficientProject/Content/StarterContent/Materials/M_Wood_Pine.uasset" 471
"../../../../../../Projects/Unreal/SufficientProject/Content/StarterContent/Textures/T_Wood_Walnut_D.uasset" 472
"../../../../../../Projects/Unreal/SufficientProject/Content/StarterContent/Textures/T_Wood_Walnut_N.uasset" 473
"../../../../../../Projects/Unreal/SufficientProject/Content/StarterContent/Materials/M_Wood_Walnut.uasset" 474
"../../../../../../Projects/Unreal/SufficientProject/Content/StarterContent/Textures/T_Dust_Particle_D.uasset" 475
"../../../../../../Projects/Unreal/SufficientProject/Content/StarterContent/Particles/Materials/M_Dust_Particle.uasset" 476
"../../../../../../Projects/Unreal/SufficientProject/Content/StarterContent/Particles/P_Ambient_Dust.uasset" 477
"../../../../../../Projects/Unreal/SufficientProject/Content/StarterContent/Props/MaterialSphere.uasset" 478
"../../../../../../Projects/Unreal/SufficientProject/Content/StarterContent/Textures/T_Chair_M.uasset" 479
"../../../../../../Projects/Unreal/SufficientProject/Content/StarterContent/Textures/T_Chair_N.uasset" 480
"../../../../../../Projects/Unreal/SufficientProject/Content/StarterContent/Props/Materials/M_Chair.uasset" 481
"../../../../../../Projects/Unreal/SufficientProject/Content/StarterContent/Props/SM_Chair.uasset" 482
"../../../../../../Projects/Unreal/SufficientProject/Content/StarterContent/Textures/T_Frame_M.uasset" 483
"../../../../../../Projects/Unreal/SufficientProject/Content/StarterContent/Textures/T_Frame_N.uasset" 484
"../../../../../../Projects/Unreal/SufficientProject/Content/StarterContent/Props/Materials/M_Frame.uasset" 485
"../../../../../../Projects/Unreal/SufficientProject/Content/StarterContent/Props/SM_CornerFrame.uasset" 486
"../../../../../../Projects/Unreal/SufficientProject/Content/StarterContent/Props/SM_DoorFrame.uasset" 487
"../../../../../../Projects/Unreal/SufficientProject/Content/StarterContent/Materials/M_Glass.uasset" 488
"../../../../../../Projects/Unreal/SufficientProject/Content/StarterContent/Props/SM_GlassWindow.uasset" 489
"../../../../../../Projects/Unreal/SufficientProject/Content/StarterContent/Props/SM_PillarFrame.uasset" 490
"../../../../../../Projects/Unreal/SufficientProject/Content/StarterContent/Props/SM_PillarFrame300.uasset" 491
"../../../../../../Projects/Unreal/SufficientProject/Content/StarterContent/Textures/T_Statue_M.uasset" 492
"../../../../../../Projects/Unreal/SufficientProject/Content/StarterContent/Textures/T_Statue_N.uasset" 493
"../../../../../../Projects/Unreal/SufficientProject/Content/StarterContent/Props/Materials/M_Statue.uasset" 494
"../../../../../../Projects/Unreal/SufficientProject/Content/StarterContent/Props/Materials/M_StatueGlass.uasset" 495
"../../../../../../Projects/Unreal/SufficientProject/Content/StarterContent/Props/SM_Statue.uasset" 496
"../../../../../../Projects/Unreal/SufficientProject/Content/StarterContent/Textures/T_TableRound_M.uasset" 497
"../../../../../../Projects/Unreal/SufficientProject/Content/StarterContent/Textures/T_TableRound_N.uasset" 498
"../../../../../../Projects/Unreal/SufficientProject/Content/StarterContent/Props/Materials/M_TableRound.uasset" 499
"../../../../../../Projects/Unreal/SufficientProject/Content/StarterContent/Props/SM_TableRound.uasset" 500
"../../../../../../Projects/Unreal/SufficientProject/Content/StarterContent/Props/SM_WindowFrame.uasset" 501
"../../../../../../Projects/Unreal/SufficientProject/Content/StarterContent/Shapes/Shape_QuadPyramid.uasset" 502
"../../../../../../Projects/Unreal/SufficientProject/Content/StarterContent/Shapes/Shape_Sphere.uasset" 503
"../../Plugins/2D/Paper2D/Content/PlaceholderTextures/DummySpriteTexture.uasset" 504
"../../Plugins/2D/Paper2D/Content/DummySprite.uasset" 505
"../../Plugins/2D/Paper2D/Content/DefaultPaperTerrainMaterial.uasset" 506
"../../Plugins/2D/Paper2D/Content/DefaultSpriteMaterial.uasset" 507
"../../Plugins/2D/Paper2D/Content/MaskedUnlitSpriteMaterial.uasset" 508
"../../Plugins/2D/Paper2D/Content/OpaqueUnlitSpriteMaterial.uasset" 509
"../../Plugins/Enterprise/DatasmithContent/Content/Blueprints/FBXImporter/ArrayOfActor.uasset" 510
"../../Plugins/Enterprise/DatasmithContent/Content/Blueprints/FBXImporter/ArrayOfSwitch.uasset" 511
"../../Plugins/Enterprise/DatasmithContent/Content/Blueprints/FBXImporter/BP_SceneNode.uasset" 512
"../../Plugins/Enterprise/DatasmithContent/Content/Blueprints/FBXImporter/BP_Switch.uasset" 513
"../../Plugins/Enterprise/DatasmithContent/Content/Blueprints/FBXImporter/BP_SceneRoot.uasset" 514
"../../Plugins/Enterprise/DatasmithContent/Content/Blueprints/FBXImporter/FBXImporterUtils.uasset" 515
"../../Plugins/Enterprise/DatasmithContent/Content/Blueprints/FBXImporter/Animation/DeltaGenAnimationTrackType.uasset" 516
"../../Plugins/Enterprise/DatasmithContent/Content/Blueprints/FBXImporter/Animation/VREDAnimationTrackComponent.uasset" 517
"../../Plugins/Enterprise/DatasmithContent/Content/Blueprints/FBXImporter/Animation/VREDAnimationTrackType.uasset" 518
"../../Plugins/Enterprise/DatasmithContent/Content/Blueprints/FBXImporter/Variants/VariantSwitchType.uasset" 519
"../../Plugins/Enterprise/DatasmithContent/Content/Blueprints/FBXImporter/Variants/VREDVariantSwitchType.uasset" 520
"../../Plugins/Runtime/Oculus/OculusVR/Content/Materials/PokeAHoleMaterial.uasset" 521
"../../Plugins/Runtime/Oculus/OculusVR/Content/Textures/GearVRController_AO.uasset" 522
"../../Plugins/Runtime/Oculus/OculusVR/Content/Textures/GearVRController_Color.uasset" 523
"../../Plugins/Runtime/Oculus/OculusVR/Content/Textures/GearVRController_Normal.uasset" 524
"../../Plugins/Runtime/Oculus/OculusVR/Content/Materials/GearVRControllerMaterial.uasset" 525
"../../Plugins/Runtime/Oculus/OculusVR/Content/Meshes/GearVrController.uasset" 526
"../../Plugins/Runtime/Oculus/OculusVR/Content/Textures/touchController_albedo.uasset" 527
"../../Plugins/Runtime/Oculus/OculusVR/Content/Textures/touchController_controlmap.uasset" 528
"../../Plugins/Runtime/Oculus/OculusVR/Content/Materials/touchController_mat.uasset" 529
"../../Plugins/Runtime/Oculus/OculusVR/Content/Meshes/LeftTouchController.uasset" 530
"../../Plugins/Runtime/Oculus/OculusVR/Content/Meshes/RiftHMD.uasset" 531
"../../Plugins/Runtime/Oculus/OculusVR/Content/Meshes/RightTouchController.uasset" 532
"../../../Engine/Content/EngineSky/C_Sky_Cloud_Color.uasset" 533
"../../../Engine/Content/EngineSky/C_Sky_Horizon_Color.uasset" 534
"../../../Engine/Content/EngineSky/C_Sky_Zenith_Color.uasset" 535
"../../../Engine/Content/EngineSky/T_Sky_Blue.uasset" 536
"../../../Engine/Content/EngineSky/T_Sky_Clouds_M.uasset" 537
"../../../Engine/Content/EngineSky/T_Sky_Stars.uasset" 538
"../../../Engine/Content/EngineSky/M_Sky_Panning_Clouds2.uasset" 539
"../../../Engine/Content/EngineSky/SM_SkySphere.uasset" 540
"../../../Engine/Content/EngineSky/BP_Sky_Sphere.uasset" 541
"../../../../../../Projects/Unreal/SufficientProject/Content/Test/bullet.uasset" 542
"../../../../../../Projects/Unreal/SufficientProject/Content/Test/bbb.uasset" 543
"../../../../../../Projects/Unreal/SufficientProject/Content/Test/MyBullet.uasset" 544
"../../../../../../Projects/Unreal/SufficientProject/Content/Test/bullet1.uasset" 545
"../../../../../../Projects/Unreal/SufficientProject/Content/Test/bbb1.uasset" 546
"../../../../../../Projects/Unreal/SufficientProject/Content/Test/MyBullet1.uasset" 547
"../../../../../../Projects/Unreal/SufficientProject/Content/StarterContent/Maps/Minimal_Default_BuiltData.uasset" 548
"../../../../../../Projects/Unreal/SufficientProject/Content/StarterContent/Materials/M_Basic_Floor.uasset" 549
"../../../../../../Projects/Unreal/SufficientProject/Content/StarterContent/Materials/M_Metal_Brushed_Nickel.uasset" 550
"../../../../../../Projects/Unreal/SufficientProject/Content/StarterContent/Textures/T_Metal_Copper_D.uasset" 551
"../../../../../../Projects/Unreal/SufficientProject/Content/StarterContent/Materials/M_Metal_Copper.uasset" 552
"../../../../../../Projects/Unreal/SufficientProject/Content/StarterContent/Architecture/Floor_400x400.uasset" 553
"../../../../../../Projects/Unreal/SufficientProject/Content/StarterContent/Audio/Starter_Background_Cue.uasset" 554
"../../../../../../Projects/Unreal/SufficientProject/Content/StarterContent/Shapes/Shape_Cube.uasset" 555
"../../../../../../Projects/Unreal/SufficientProject/Content/Test/2DCharacter_IdleAnimAtlas.uasset" 556
"../../../../../../Projects/Unreal/SufficientProject/Content/Test/Sprites/IdleFrames/IdleCycle1.uasset" 557
"../../../../../../Projects/Unreal/SufficientProject/Content/Test/Sprites/IdleFrames/IdleCycle2.uasset" 558
"../../../../../../Projects/Unreal/SufficientProject/Content/Test/Sprites/IdleFrames/IdleCycle3.uasset" 559
"../../../../../../Projects/Unreal/SufficientProject/Content/Test/Sprites/IdleFrames/IdleCycle4.uasset" 560
"../../../../../../Projects/Unreal/SufficientProject/Content/Test/Sprites/IdleFrames/IdleCycle5.uasset" 561
"../../../../../../Projects/Unreal/SufficientProject/Content/Test/Sprites/IdleFrames/IdleCycle6.uasset" 562
"../../../../../../Projects/Unreal/SufficientProject/Content/Test/Sprites/IdleFrames/IdleCycle7.uasset" 563
"../../../../../../Projects/Unreal/SufficientProject/Content/Test/Sprites/IdleFrames/IdleCycle8.uasset" 564
"../../../../../../Projects/Unreal/SufficientProject/Content/Test/Sprites/IdleAnimation.uasset" 565
"../../../../../../Projects/Unreal/SufficientProject/Content/Test/2DCharacter_RunAnimAtlasDDD.uasset" 566
"../../../../../../Projects/Unreal/SufficientProject/Content/Test/Sprites/RunFrames/RunCycle_1.uasset" 567
"../../../../../../Projects/Unreal/SufficientProject/Content/Test/Sprites/RunFrames/RunCycle_10.uasset" 568
"../../../../../../Projects/Unreal/SufficientProject/Content/Test/Sprites/RunFrames/RunCycle_11.uasset" 569
"../../../../../../Projects/Unreal/SufficientProject/Content/Test/Sprites/RunFrames/RunCycle_12.uasset" 570
"../../../../../../Projects/Unreal/SufficientProject/Content/Test/Sprites/RunFrames/RunCycle_13.uasset" 571
"../../../../../../Projects/Unreal/SufficientProject/Content/Test/Sprites/RunFrames/RunCycle_14.uasset" 572
"../../../../../../Projects/Unreal/SufficientProject/Content/Test/Sprites/RunFrames/RunCycle_15.uasset" 573
"../../../../../../Projects/Unreal/SufficientProject/Content/Test/Sprites/RunFrames/RunCycle_16.uasset" 574
"../../../../../../Projects/Unreal/SufficientProject/Content/Test/Sprites/RunFrames/RunCycle_2.uasset" 575
"../../../../../../Projects/Unreal/SufficientProject/Content/Test/Sprites/RunFrames/RunCycle_3.uasset" 576
"../../../../../../Projects/Unreal/SufficientProject/Content/Test/Sprites/RunFrames/RunCycle_4.uasset" 577
"../../../../../../Projects/Unreal/SufficientProject/Content/Test/Sprites/RunFrames/RunCycle_5.uasset" 578
"../../../../../../Projects/Unreal/SufficientProject/Content/Test/Sprites/RunFrames/RunCycle_6.uasset" 579
"../../../../../../Projects/Unreal/SufficientProject/Content/Test/Sprites/RunFrames/RunCycle_7.uasset" 580
"../../../../../../Projects/Unreal/SufficientProject/Content/Test/Sprites/RunFrames/RunCycle_8.uasset" 581
"../../../../../../Projects/Unreal/SufficientProject/Content/Test/Sprites/RunFrames/RunCycle_9.uasset" 582
"../../../../../../Projects/Unreal/SufficientProject/Content/Test/Sprites/RunningAnimation.uasset" 583
"../../../../../../Projects/Unreal/SufficientProject/Content/StarterContent/Maps/Minimal_Default.umap" 584
"../../../../../../Projects/Unreal/SufficientProject/Content/Blueprints/MainMenuWidget.uasset" 585
"../../../../../../Projects/Unreal/SufficientProject/Content/Blueprints/MainMenuHud.uasset" 586
"../../../../../../Projects/Unreal/SufficientProject/Content/Blueprints/MenuMouse.uasset" 587
"../../../../../../Projects/Unreal/SufficientProject/Content/Blueprints/MainMenuMode.uasset" 588
"../../../../../../Projects/Unreal/SufficientProject/Content/StarterContent/Maps/StarterMenuLevel.umap" 589
